CRITICAL - 2023-06-16 00:49:26 --> The framework needs the following extension(s) installed and loaded: intl.
in SYSTEMPATH\CodeIgniter.php on line 226.
 1 SYSTEMPATH\CodeIgniter.php(226): CodeIgniter\Exceptions\FrameworkException::forMissingExtension('intl')
 2 SYSTEMPATH\CodeIgniter.php(190): CodeIgniter\CodeIgniter->resolvePlatformExtensions()
 3 FCPATH\index.php(55): CodeIgniter\CodeIgniter->initialize()
CRITICAL - 2023-06-16 00:50:02 --> The framework needs the following extension(s) installed and loaded: intl.
in SYSTEMPATH\CodeIgniter.php on line 226.
 1 SYSTEMPATH\CodeIgniter.php(226): CodeIgniter\Exceptions\FrameworkException::forMissingExtension('intl')
 2 SYSTEMPATH\CodeIgniter.php(190): CodeIgniter\CodeIgniter->resolvePlatformExtensions()
 3 FCPATH\index.php(55): CodeIgniter\CodeIgniter->initialize()
ERROR - 2023-06-16 16:06:16 --> Error connecting to the database: mysqli_sql_exception: Unknown database 'listatarefas' in C:\xampp\htdocs\ListaDeTarefas\system\Database\MySQLi\Connection.php:173
Stack trace:
#0 C:\xampp\htdocs\ListaDeTarefas\system\Database\MySQLi\Connection.php(173): mysqli->real_connect('localhost', 'root', Object(SensitiveParameterValue), 'listatarefas', 3346, '', 0)
#1 C:\xampp\htdocs\ListaDeTarefas\system\Database\BaseConnection.php(391): CodeIgniter\Database\MySQLi\Connection->connect(false)
#2 C:\xampp\htdocs\ListaDeTarefas\system\Database\BaseConnection.php(574): CodeIgniter\Database\BaseConnection->initialize()
#3 C:\xampp\htdocs\ListaDeTarefas\app\Models\BD_Model.php(10): CodeIgniter\Database\BaseConnection->query('SELECT * FROM t...')
#4 C:\xampp\htdocs\ListaDeTarefas\app\Controllers\ConsultarDados.php(10): App\Models\BD_Model->exibirTarefas()
#5 C:\xampp\htdocs\ListaDeTarefas\system\CodeIgniter.php(934): App\Controllers\ConsultarDados->exibirTarefas()
#6 C:\xampp\htdocs\ListaDeTarefas\system\CodeIgniter.php(499): CodeIgniter\CodeIgniter->runController(Object(App\Controllers\ConsultarDados))
#7 C:\xampp\htdocs\ListaDeTarefas\system\CodeIgniter.php(368): CodeIgniter\CodeIgniter->handleRequest(NULL, Object(Config\Cache), false)
#8 C:\xampp\htdocs\ListaDeTarefas\public\index.php(67): CodeIgniter\CodeIgniter->run()
#9 {main}

Next CodeIgniter\Database\Exceptions\DatabaseException: Unknown database 'listatarefas' in C:\xampp\htdocs\ListaDeTarefas\system\Database\MySQLi\Connection.php:218
Stack trace:
#0 C:\xampp\htdocs\ListaDeTarefas\system\Database\BaseConnection.php(391): CodeIgniter\Database\MySQLi\Connection->connect(false)
#1 C:\xampp\htdocs\ListaDeTarefas\system\Database\BaseConnection.php(574): CodeIgniter\Database\BaseConnection->initialize()
#2 C:\xampp\htdocs\ListaDeTarefas\app\Models\BD_Model.php(10): CodeIgniter\Database\BaseConnection->query('SELECT * FROM t...')
#3 C:\xampp\htdocs\ListaDeTarefas\app\Controllers\ConsultarDados.php(10): App\Models\BD_Model->exibirTarefas()
#4 C:\xampp\htdocs\ListaDeTarefas\system\CodeIgniter.php(934): App\Controllers\ConsultarDados->exibirTarefas()
#5 C:\xampp\htdocs\ListaDeTarefas\system\CodeIgniter.php(499): CodeIgniter\CodeIgniter->runController(Object(App\Controllers\ConsultarDados))
#6 C:\xampp\htdocs\ListaDeTarefas\system\CodeIgniter.php(368): CodeIgniter\CodeIgniter->handleRequest(NULL, Object(Config\Cache), false)
#7 C:\xampp\htdocs\ListaDeTarefas\public\index.php(67): CodeIgniter\CodeIgniter->run()
#8 {main}
CRITICAL - 2023-06-16 16:06:16 --> Unable to connect to the database.
Main connection [MySQLi]: Unknown database 'listatarefas'
in SYSTEMPATH\Database\BaseConnection.php on line 427.
 1 SYSTEMPATH\Database\BaseConnection.php(574): CodeIgniter\Database\BaseConnection->initialize()
 2 APPPATH\Models\BD_Model.php(10): CodeIgniter\Database\BaseConnection->query('SELECT * FROM tarefa')
 3 APPPATH\Controllers\ConsultarDados.php(10): App\Models\BD_Model->exibirTarefas()
 4 SYSTEMPATH\CodeIgniter.php(934): App\Controllers\ConsultarDados->exibirTarefas()
 5 SYSTEMPATH\CodeIgniter.php(499): CodeIgniter\CodeIgniter->runController(Object(App\Controllers\ConsultarDados))
 6 SYSTEMPATH\CodeIgniter.php(368): CodeIgniter\CodeIgniter->handleRequest(null, Object(Config\Cache), false)
 7 FCPATH\index.php(67): CodeIgniter\CodeIgniter->run()
ERROR - 2023-06-16 16:35:49 --> Error connecting to the database: mysqli_sql_exception: Unknown database 'listatarefas' in C:\xampp\htdocs\ListaDeTarefas\system\Database\MySQLi\Connection.php:173
Stack trace:
#0 C:\xampp\htdocs\ListaDeTarefas\system\Database\MySQLi\Connection.php(173): mysqli->real_connect('localhost', 'root', Object(SensitiveParameterValue), 'listatarefas', 3346, '', 0)
#1 C:\xampp\htdocs\ListaDeTarefas\system\Database\BaseConnection.php(391): CodeIgniter\Database\MySQLi\Connection->connect(false)
#2 C:\xampp\htdocs\ListaDeTarefas\system\Database\BaseConnection.php(574): CodeIgniter\Database\BaseConnection->initialize()
#3 C:\xampp\htdocs\ListaDeTarefas\app\Models\BD_Model.php(10): CodeIgniter\Database\BaseConnection->query('SELECT * FROM t...')
#4 C:\xampp\htdocs\ListaDeTarefas\app\Controllers\ConsultarDados.php(10): App\Models\BD_Model->exibirTarefas()
#5 C:\xampp\htdocs\ListaDeTarefas\system\CodeIgniter.php(934): App\Controllers\ConsultarDados->exibirTarefas()
#6 C:\xampp\htdocs\ListaDeTarefas\system\CodeIgniter.php(499): CodeIgniter\CodeIgniter->runController(Object(App\Controllers\ConsultarDados))
#7 C:\xampp\htdocs\ListaDeTarefas\system\CodeIgniter.php(368): CodeIgniter\CodeIgniter->handleRequest(NULL, Object(Config\Cache), false)
#8 C:\xampp\htdocs\ListaDeTarefas\public\index.php(67): CodeIgniter\CodeIgniter->run()
#9 {main}

Next CodeIgniter\Database\Exceptions\DatabaseException: Unknown database 'listatarefas' in C:\xampp\htdocs\ListaDeTarefas\system\Database\MySQLi\Connection.php:218
Stack trace:
#0 C:\xampp\htdocs\ListaDeTarefas\system\Database\BaseConnection.php(391): CodeIgniter\Database\MySQLi\Connection->connect(false)
#1 C:\xampp\htdocs\ListaDeTarefas\system\Database\BaseConnection.php(574): CodeIgniter\Database\BaseConnection->initialize()
#2 C:\xampp\htdocs\ListaDeTarefas\app\Models\BD_Model.php(10): CodeIgniter\Database\BaseConnection->query('SELECT * FROM t...')
#3 C:\xampp\htdocs\ListaDeTarefas\app\Controllers\ConsultarDados.php(10): App\Models\BD_Model->exibirTarefas()
#4 C:\xampp\htdocs\ListaDeTarefas\system\CodeIgniter.php(934): App\Controllers\ConsultarDados->exibirTarefas()
#5 C:\xampp\htdocs\ListaDeTarefas\system\CodeIgniter.php(499): CodeIgniter\CodeIgniter->runController(Object(App\Controllers\ConsultarDados))
#6 C:\xampp\htdocs\ListaDeTarefas\system\CodeIgniter.php(368): CodeIgniter\CodeIgniter->handleRequest(NULL, Object(Config\Cache), false)
#7 C:\xampp\htdocs\ListaDeTarefas\public\index.php(67): CodeIgniter\CodeIgniter->run()
#8 {main}
CRITICAL - 2023-06-16 16:35:49 --> Unable to connect to the database.
Main connection [MySQLi]: Unknown database 'listatarefas'
in SYSTEMPATH\Database\BaseConnection.php on line 427.
 1 SYSTEMPATH\Database\BaseConnection.php(574): CodeIgniter\Database\BaseConnection->initialize()
 2 APPPATH\Models\BD_Model.php(10): CodeIgniter\Database\BaseConnection->query('SELECT * FROM tarefa')
 3 APPPATH\Controllers\ConsultarDados.php(10): App\Models\BD_Model->exibirTarefas()
 4 SYSTEMPATH\CodeIgniter.php(934): App\Controllers\ConsultarDados->exibirTarefas()
 5 SYSTEMPATH\CodeIgniter.php(499): CodeIgniter\CodeIgniter->runController(Object(App\Controllers\ConsultarDados))
 6 SYSTEMPATH\CodeIgniter.php(368): CodeIgniter\CodeIgniter->handleRequest(null, Object(Config\Cache), false)
 7 FCPATH\index.php(67): CodeIgniter\CodeIgniter->run()
ERROR - 2023-06-16 18:48:36 --> Error connecting to the database: mysqli_sql_exception: Unknown database 'listatarefas' in C:\xampp\htdocs\ListaDeTarefas\system\Database\MySQLi\Connection.php:173
Stack trace:
#0 C:\xampp\htdocs\ListaDeTarefas\system\Database\MySQLi\Connection.php(173): mysqli->real_connect('localhost', 'root', Object(SensitiveParameterValue), 'listatarefas', 3346, '', 0)
#1 C:\xampp\htdocs\ListaDeTarefas\system\Database\BaseConnection.php(391): CodeIgniter\Database\MySQLi\Connection->connect(false)
#2 C:\xampp\htdocs\ListaDeTarefas\system\Database\BaseConnection.php(574): CodeIgniter\Database\BaseConnection->initialize()
#3 C:\xampp\htdocs\ListaDeTarefas\app\Models\BD_Model.php(10): CodeIgniter\Database\BaseConnection->query('SELECT * FROM t...')
#4 C:\xampp\htdocs\ListaDeTarefas\app\Controllers\ConsultarDados.php(10): App\Models\BD_Model->exibirTarefas()
#5 C:\xampp\htdocs\ListaDeTarefas\system\CodeIgniter.php(934): App\Controllers\ConsultarDados->exibirTarefas()
#6 C:\xampp\htdocs\ListaDeTarefas\system\CodeIgniter.php(499): CodeIgniter\CodeIgniter->runController(Object(App\Controllers\ConsultarDados))
#7 C:\xampp\htdocs\ListaDeTarefas\system\CodeIgniter.php(368): CodeIgniter\CodeIgniter->handleRequest(NULL, Object(Config\Cache), false)
#8 C:\xampp\htdocs\ListaDeTarefas\public\index.php(67): CodeIgniter\CodeIgniter->run()
#9 {main}

Next CodeIgniter\Database\Exceptions\DatabaseException: Unknown database 'listatarefas' in C:\xampp\htdocs\ListaDeTarefas\system\Database\MySQLi\Connection.php:218
Stack trace:
#0 C:\xampp\htdocs\ListaDeTarefas\system\Database\BaseConnection.php(391): CodeIgniter\Database\MySQLi\Connection->connect(false)
#1 C:\xampp\htdocs\ListaDeTarefas\system\Database\BaseConnection.php(574): CodeIgniter\Database\BaseConnection->initialize()
#2 C:\xampp\htdocs\ListaDeTarefas\app\Models\BD_Model.php(10): CodeIgniter\Database\BaseConnection->query('SELECT * FROM t...')
#3 C:\xampp\htdocs\ListaDeTarefas\app\Controllers\ConsultarDados.php(10): App\Models\BD_Model->exibirTarefas()
#4 C:\xampp\htdocs\ListaDeTarefas\system\CodeIgniter.php(934): App\Controllers\ConsultarDados->exibirTarefas()
#5 C:\xampp\htdocs\ListaDeTarefas\system\CodeIgniter.php(499): CodeIgniter\CodeIgniter->runController(Object(App\Controllers\ConsultarDados))
#6 C:\xampp\htdocs\ListaDeTarefas\system\CodeIgniter.php(368): CodeIgniter\CodeIgniter->handleRequest(NULL, Object(Config\Cache), false)
#7 C:\xampp\htdocs\ListaDeTarefas\public\index.php(67): CodeIgniter\CodeIgniter->run()
#8 {main}
CRITICAL - 2023-06-16 18:48:36 --> Unable to connect to the database.
Main connection [MySQLi]: Unknown database 'listatarefas'
in SYSTEMPATH\Database\BaseConnection.php on line 427.
 1 SYSTEMPATH\Database\BaseConnection.php(574): CodeIgniter\Database\BaseConnection->initialize()
 2 APPPATH\Models\BD_Model.php(10): CodeIgniter\Database\BaseConnection->query('SELECT * FROM tarefa')
 3 APPPATH\Controllers\ConsultarDados.php(10): App\Models\BD_Model->exibirTarefas()
 4 SYSTEMPATH\CodeIgniter.php(934): App\Controllers\ConsultarDados->exibirTarefas()
 5 SYSTEMPATH\CodeIgniter.php(499): CodeIgniter\CodeIgniter->runController(Object(App\Controllers\ConsultarDados))
 6 SYSTEMPATH\CodeIgniter.php(368): CodeIgniter\CodeIgniter->handleRequest(null, Object(Config\Cache), false)
 7 FCPATH\index.php(67): CodeIgniter\CodeIgniter->run()
CRITICAL - 2023-06-16 18:52:05 --> Undefined property: stdClass::$codtarefa
in APPPATH\Views\DadosTarefas.php on line 9.
 1 APPPATH\Views\DadosTarefas.php(9): CodeIgniter\Debug\Exceptions->errorHandler(2, 'Undefined property: stdClass::$codtarefa', 'C:\\xampp\\htdocs\\ListaDeTarefas\\app\\Views\\DadosTarefas.php', 9)
 2 SYSTEMPATH\View\View.php(213): include('C:\\xampp\\htdocs\\ListaDeTarefas\\app\\Views\\DadosTarefas.php')
 3 SYSTEMPATH\View\View.php(216): CodeIgniter\View\View->CodeIgniter\View\{closure}()
 4 SYSTEMPATH\Common.php(1184): CodeIgniter\View\View->render('DadosTarefas', [], true)
 5 APPPATH\Controllers\ConsultarDados.php(11): view('DadosTarefas', [...])
 6 SYSTEMPATH\CodeIgniter.php(934): App\Controllers\ConsultarDados->exibirTarefas()
 7 SYSTEMPATH\CodeIgniter.php(499): CodeIgniter\CodeIgniter->runController(Object(App\Controllers\ConsultarDados))
 8 SYSTEMPATH\CodeIgniter.php(368): CodeIgniter\CodeIgniter->handleRequest(null, Object(Config\Cache), false)
 9 FCPATH\index.php(67): CodeIgniter\CodeIgniter->run()
CRITICAL - 2023-06-16 19:55:42 --> Invalid file: "formEditarDados.php"
in SYSTEMPATH\Exceptions\FrameworkException.php on line 33.
 1 SYSTEMPATH\View\View.php(201): CodeIgniter\Exceptions\FrameworkException::forInvalidFile('formEditarDados.php')
 2 SYSTEMPATH\Common.php(1184): CodeIgniter\View\View->render('formEditarDados', [], true)
 3 APPPATH\Controllers\EditarDados.php(10): view('formEditarDados')
 4 SYSTEMPATH\CodeIgniter.php(934): App\Controllers\EditarDados->telaEditarTarefa()
 5 SYSTEMPATH\CodeIgniter.php(499): CodeIgniter\CodeIgniter->runController(Object(App\Controllers\EditarDados))
 6 SYSTEMPATH\CodeIgniter.php(368): CodeIgniter\CodeIgniter->handleRequest(null, Object(Config\Cache), false)
 7 FCPATH\index.php(67): CodeIgniter\CodeIgniter->run()
CRITICAL - 2023-06-16 20:30:46 --> Undefined variable $bd_model
in APPPATH\Views\FormEditarTarefa.php on line 7.
 1 APPPATH\Views\FormEditarTarefa.php(7): CodeIgniter\Debug\Exceptions->errorHandler(2, 'Undefined variable $bd_model', 'C:\\xampp\\htdocs\\ListaDeTarefas\\app\\Views\\FormEditarTarefa.php', 7)
 2 SYSTEMPATH\View\View.php(213): include('C:\\xampp\\htdocs\\ListaDeTarefas\\app\\Views\\FormEditarTarefa.php')
 3 SYSTEMPATH\View\View.php(216): CodeIgniter\View\View->CodeIgniter\View\{closure}()
 4 SYSTEMPATH\Common.php(1184): CodeIgniter\View\View->render('formEditarTarefa', [], true)
 5 APPPATH\Controllers\EditarDados.php(10): view('formEditarTarefa')
 6 SYSTEMPATH\CodeIgniter.php(934): App\Controllers\EditarDados->telaEditarTarefa()
 7 SYSTEMPATH\CodeIgniter.php(499): CodeIgniter\CodeIgniter->runController(Object(App\Controllers\EditarDados))
 8 SYSTEMPATH\CodeIgniter.php(368): CodeIgniter\CodeIgniter->handleRequest(null, Object(Config\Cache), false)
 9 FCPATH\index.php(67): CodeIgniter\CodeIgniter->run()
CRITICAL - 2023-06-16 20:30:46 --> Undefined variable $bd_model
in APPPATH\Views\FormEditarTarefa.php on line 7.
 1 APPPATH\Views\FormEditarTarefa.php(7): CodeIgniter\Debug\Exceptions->errorHandler(2, 'Undefined variable $bd_model', 'C:\\xampp\\htdocs\\ListaDeTarefas\\app\\Views\\FormEditarTarefa.php', 7)
 2 SYSTEMPATH\View\View.php(213): include('C:\\xampp\\htdocs\\ListaDeTarefas\\app\\Views\\FormEditarTarefa.php')
 3 SYSTEMPATH\View\View.php(216): CodeIgniter\View\View->CodeIgniter\View\{closure}()
 4 SYSTEMPATH\Common.php(1184): CodeIgniter\View\View->render('formEditarTarefa', [], true)
 5 APPPATH\Controllers\EditarDados.php(10): view('formEditarTarefa')
 6 SYSTEMPATH\CodeIgniter.php(934): App\Controllers\EditarDados->telaEditarTarefa()
 7 SYSTEMPATH\CodeIgniter.php(499): CodeIgniter\CodeIgniter->runController(Object(App\Controllers\EditarDados))
 8 SYSTEMPATH\CodeIgniter.php(368): CodeIgniter\CodeIgniter->handleRequest(null, Object(Config\Cache), false)
 9 FCPATH\index.php(67): CodeIgniter\CodeIgniter->run()
CRITICAL - 2023-06-16 20:31:06 --> Undefined variable $bd_model
in APPPATH\Views\FormEditarTarefa.php on line 7.
 1 APPPATH\Views\FormEditarTarefa.php(7): CodeIgniter\Debug\Exceptions->errorHandler(2, 'Undefined variable $bd_model', 'C:\\xampp\\htdocs\\ListaDeTarefas\\app\\Views\\FormEditarTarefa.php', 7)
 2 SYSTEMPATH\View\View.php(213): include('C:\\xampp\\htdocs\\ListaDeTarefas\\app\\Views\\FormEditarTarefa.php')
 3 SYSTEMPATH\View\View.php(216): CodeIgniter\View\View->CodeIgniter\View\{closure}()
 4 SYSTEMPATH\Common.php(1184): CodeIgniter\View\View->render('formEditarTarefa', [], true)
 5 APPPATH\Controllers\EditarDados.php(10): view('formEditarTarefa')
 6 SYSTEMPATH\CodeIgniter.php(934): App\Controllers\EditarDados->telaEditarTarefa()
 7 SYSTEMPATH\CodeIgniter.php(499): CodeIgniter\CodeIgniter->runController(Object(App\Controllers\EditarDados))
 8 SYSTEMPATH\CodeIgniter.php(368): CodeIgniter\CodeIgniter->handleRequest(null, Object(Config\Cache), false)
 9 FCPATH\index.php(67): CodeIgniter\CodeIgniter->run()
CRITICAL - 2023-06-16 20:31:13 --> Undefined variable $bd_model
in APPPATH\Views\FormEditarTarefa.php on line 7.
 1 APPPATH\Views\FormEditarTarefa.php(7): CodeIgniter\Debug\Exceptions->errorHandler(2, 'Undefined variable $bd_model', 'C:\\xampp\\htdocs\\ListaDeTarefas\\app\\Views\\FormEditarTarefa.php', 7)
 2 SYSTEMPATH\View\View.php(213): include('C:\\xampp\\htdocs\\ListaDeTarefas\\app\\Views\\FormEditarTarefa.php')
 3 SYSTEMPATH\View\View.php(216): CodeIgniter\View\View->CodeIgniter\View\{closure}()
 4 SYSTEMPATH\Common.php(1184): CodeIgniter\View\View->render('formEditarTarefa', [], true)
 5 APPPATH\Controllers\EditarDados.php(10): view('formEditarTarefa')
 6 SYSTEMPATH\CodeIgniter.php(934): App\Controllers\EditarDados->telaEditarTarefa()
 7 SYSTEMPATH\CodeIgniter.php(499): CodeIgniter\CodeIgniter->runController(Object(App\Controllers\EditarDados))
 8 SYSTEMPATH\CodeIgniter.php(368): CodeIgniter\CodeIgniter->handleRequest(null, Object(Config\Cache), false)
 9 FCPATH\index.php(67): CodeIgniter\CodeIgniter->run()
CRITICAL - 2023-06-16 20:43:31 --> syntax error, unexpected token "<"
in APPPATH\Views\DadosTarefas.php on line 12.
 1 SYSTEMPATH\View\View.php(216): CodeIgniter\View\View->CodeIgniter\View\{closure}()
 2 SYSTEMPATH\Common.php(1184): CodeIgniter\View\View->render('DadosTarefas', [], true)
 3 APPPATH\Controllers\ConsultarDados.php(11): view('DadosTarefas', [...])
 4 SYSTEMPATH\CodeIgniter.php(934): App\Controllers\ConsultarDados->exibirTarefas()
 5 SYSTEMPATH\CodeIgniter.php(499): CodeIgniter\CodeIgniter->runController(Object(App\Controllers\ConsultarDados))
 6 SYSTEMPATH\CodeIgniter.php(368): CodeIgniter\CodeIgniter->handleRequest(null, Object(Config\Cache), false)
 7 FCPATH\index.php(67): CodeIgniter\CodeIgniter->run()
CRITICAL - 2023-06-16 20:45:53 --> syntax error, unexpected variable "$valor", expecting "," or ";"
in APPPATH\Views\DadosTarefas.php on line 12.
 1 SYSTEMPATH\View\View.php(216): CodeIgniter\View\View->CodeIgniter\View\{closure}()
 2 SYSTEMPATH\Common.php(1184): CodeIgniter\View\View->render('DadosTarefas', [], true)
 3 APPPATH\Controllers\ConsultarDados.php(11): view('DadosTarefas', [...])
 4 SYSTEMPATH\CodeIgniter.php(934): App\Controllers\ConsultarDados->exibirTarefas()
 5 SYSTEMPATH\CodeIgniter.php(499): CodeIgniter\CodeIgniter->runController(Object(App\Controllers\ConsultarDados))
 6 SYSTEMPATH\CodeIgniter.php(368): CodeIgniter\CodeIgniter->handleRequest(null, Object(Config\Cache), false)
 7 FCPATH\index.php(67): CodeIgniter\CodeIgniter->run()
CRITICAL - 2023-06-16 20:45:54 --> syntax error, unexpected variable "$valor", expecting "," or ";"
in APPPATH\Views\DadosTarefas.php on line 12.
 1 SYSTEMPATH\View\View.php(216): CodeIgniter\View\View->CodeIgniter\View\{closure}()
 2 SYSTEMPATH\Common.php(1184): CodeIgniter\View\View->render('DadosTarefas', [], true)
 3 APPPATH\Controllers\ConsultarDados.php(11): view('DadosTarefas', [...])
 4 SYSTEMPATH\CodeIgniter.php(934): App\Controllers\ConsultarDados->exibirTarefas()
 5 SYSTEMPATH\CodeIgniter.php(499): CodeIgniter\CodeIgniter->runController(Object(App\Controllers\ConsultarDados))
 6 SYSTEMPATH\CodeIgniter.php(368): CodeIgniter\CodeIgniter->handleRequest(null, Object(Config\Cache), false)
 7 FCPATH\index.php(67): CodeIgniter\CodeIgniter->run()
CRITICAL - 2023-06-16 20:46:26 --> syntax error, unexpected token "}", expecting "," or ";"
in APPPATH\Views\DadosTarefas.php on line 14.
 1 SYSTEMPATH\View\View.php(216): CodeIgniter\View\View->CodeIgniter\View\{closure}()
 2 SYSTEMPATH\Common.php(1184): CodeIgniter\View\View->render('DadosTarefas', [], true)
 3 APPPATH\Controllers\ConsultarDados.php(11): view('DadosTarefas', [...])
 4 SYSTEMPATH\CodeIgniter.php(934): App\Controllers\ConsultarDados->exibirTarefas()
 5 SYSTEMPATH\CodeIgniter.php(499): CodeIgniter\CodeIgniter->runController(Object(App\Controllers\ConsultarDados))
 6 SYSTEMPATH\CodeIgniter.php(368): CodeIgniter\CodeIgniter->handleRequest(null, Object(Config\Cache), false)
 7 FCPATH\index.php(67): CodeIgniter\CodeIgniter->run()
CRITICAL - 2023-06-16 20:46:27 --> syntax error, unexpected token "}", expecting "," or ";"
in APPPATH\Views\DadosTarefas.php on line 14.
 1 SYSTEMPATH\View\View.php(216): CodeIgniter\View\View->CodeIgniter\View\{closure}()
 2 SYSTEMPATH\Common.php(1184): CodeIgniter\View\View->render('DadosTarefas', [], true)
 3 APPPATH\Controllers\ConsultarDados.php(11): view('DadosTarefas', [...])
 4 SYSTEMPATH\CodeIgniter.php(934): App\Controllers\ConsultarDados->exibirTarefas()
 5 SYSTEMPATH\CodeIgniter.php(499): CodeIgniter\CodeIgniter->runController(Object(App\Controllers\ConsultarDados))
 6 SYSTEMPATH\CodeIgniter.php(368): CodeIgniter\CodeIgniter->handleRequest(null, Object(Config\Cache), false)
 7 FCPATH\index.php(67): CodeIgniter\CodeIgniter->run()
CRITICAL - 2023-06-16 20:51:25 --> Call to undefined method CodeIgniter\Database\MySQLi\Result::exibirTarefas()
in APPPATH\Views\DadosTarefas.php on line 7.
 1 SYSTEMPATH\View\View.php(213): include()
 2 SYSTEMPATH\View\View.php(216): CodeIgniter\View\View->CodeIgniter\View\{closure}()
 3 SYSTEMPATH\Common.php(1184): CodeIgniter\View\View->render('DadosTarefas', [], true)
 4 APPPATH\Controllers\ConsultarDados.php(11): view('DadosTarefas', [...])
 5 SYSTEMPATH\CodeIgniter.php(934): App\Controllers\ConsultarDados->exibirTarefas()
 6 SYSTEMPATH\CodeIgniter.php(499): CodeIgniter\CodeIgniter->runController(Object(App\Controllers\ConsultarDados))
 7 SYSTEMPATH\CodeIgniter.php(368): CodeIgniter\CodeIgniter->handleRequest(null, Object(Config\Cache), false)
 8 FCPATH\index.php(67): CodeIgniter\CodeIgniter->run()
CRITICAL - 2023-06-16 20:52:11 --> Undefined variable $bd_modeli
in APPPATH\Views\DadosTarefas.php on line 7.
 1 APPPATH\Views\DadosTarefas.php(7): CodeIgniter\Debug\Exceptions->errorHandler(2, 'Undefined variable $bd_modeli', 'C:\\xampp\\htdocs\\ListaDeTarefas\\app\\Views\\DadosTarefas.php', 7)
 2 SYSTEMPATH\View\View.php(213): include('C:\\xampp\\htdocs\\ListaDeTarefas\\app\\Views\\DadosTarefas.php')
 3 SYSTEMPATH\View\View.php(216): CodeIgniter\View\View->CodeIgniter\View\{closure}()
 4 SYSTEMPATH\Common.php(1184): CodeIgniter\View\View->render('DadosTarefas', [], true)
 5 APPPATH\Controllers\ConsultarDados.php(11): view('DadosTarefas', [...])
 6 SYSTEMPATH\CodeIgniter.php(934): App\Controllers\ConsultarDados->exibirTarefas()
 7 SYSTEMPATH\CodeIgniter.php(499): CodeIgniter\CodeIgniter->runController(Object(App\Controllers\ConsultarDados))
 8 SYSTEMPATH\CodeIgniter.php(368): CodeIgniter\CodeIgniter->handleRequest(null, Object(Config\Cache), false)
 9 FCPATH\index.php(67): CodeIgniter\CodeIgniter->run()
CRITICAL - 2023-06-16 20:52:12 --> Undefined variable $bd_modeli
in APPPATH\Views\DadosTarefas.php on line 7.
 1 APPPATH\Views\DadosTarefas.php(7): CodeIgniter\Debug\Exceptions->errorHandler(2, 'Undefined variable $bd_modeli', 'C:\\xampp\\htdocs\\ListaDeTarefas\\app\\Views\\DadosTarefas.php', 7)
 2 SYSTEMPATH\View\View.php(213): include('C:\\xampp\\htdocs\\ListaDeTarefas\\app\\Views\\DadosTarefas.php')
 3 SYSTEMPATH\View\View.php(216): CodeIgniter\View\View->CodeIgniter\View\{closure}()
 4 SYSTEMPATH\Common.php(1184): CodeIgniter\View\View->render('DadosTarefas', [], true)
 5 APPPATH\Controllers\ConsultarDados.php(11): view('DadosTarefas', [...])
 6 SYSTEMPATH\CodeIgniter.php(934): App\Controllers\ConsultarDados->exibirTarefas()
 7 SYSTEMPATH\CodeIgniter.php(499): CodeIgniter\CodeIgniter->runController(Object(App\Controllers\ConsultarDados))
 8 SYSTEMPATH\CodeIgniter.php(368): CodeIgniter\CodeIgniter->handleRequest(null, Object(Config\Cache), false)
 9 FCPATH\index.php(67): CodeIgniter\CodeIgniter->run()
CRITICAL - 2023-06-16 20:52:12 --> Undefined variable $bd_modeli
in APPPATH\Views\DadosTarefas.php on line 7.
 1 APPPATH\Views\DadosTarefas.php(7): CodeIgniter\Debug\Exceptions->errorHandler(2, 'Undefined variable $bd_modeli', 'C:\\xampp\\htdocs\\ListaDeTarefas\\app\\Views\\DadosTarefas.php', 7)
 2 SYSTEMPATH\View\View.php(213): include('C:\\xampp\\htdocs\\ListaDeTarefas\\app\\Views\\DadosTarefas.php')
 3 SYSTEMPATH\View\View.php(216): CodeIgniter\View\View->CodeIgniter\View\{closure}()
 4 SYSTEMPATH\Common.php(1184): CodeIgniter\View\View->render('DadosTarefas', [], true)
 5 APPPATH\Controllers\ConsultarDados.php(11): view('DadosTarefas', [...])
 6 SYSTEMPATH\CodeIgniter.php(934): App\Controllers\ConsultarDados->exibirTarefas()
 7 SYSTEMPATH\CodeIgniter.php(499): CodeIgniter\CodeIgniter->runController(Object(App\Controllers\ConsultarDados))
 8 SYSTEMPATH\CodeIgniter.php(368): CodeIgniter\CodeIgniter->handleRequest(null, Object(Config\Cache), false)
 9 FCPATH\index.php(67): CodeIgniter\CodeIgniter->run()
CRITICAL - 2023-06-16 20:57:42 --> syntax error, unexpected token "<", expecting end of file
in APPPATH\Views\DadosTarefas.php on line 13.
 1 SYSTEMPATH\View\View.php(216): CodeIgniter\View\View->CodeIgniter\View\{closure}()
 2 SYSTEMPATH\Common.php(1184): CodeIgniter\View\View->render('DadosTarefas', [], true)
 3 APPPATH\Controllers\ConsultarDados.php(11): view('DadosTarefas', [...])
 4 SYSTEMPATH\CodeIgniter.php(934): App\Controllers\ConsultarDados->exibirTarefas()
 5 SYSTEMPATH\CodeIgniter.php(499): CodeIgniter\CodeIgniter->runController(Object(App\Controllers\ConsultarDados))
 6 SYSTEMPATH\CodeIgniter.php(368): CodeIgniter\CodeIgniter->handleRequest(null, Object(Config\Cache), false)
 7 FCPATH\index.php(67): CodeIgniter\CodeIgniter->run()
CRITICAL - 2023-06-16 20:57:42 --> syntax error, unexpected token "<", expecting end of file
in APPPATH\Views\DadosTarefas.php on line 13.
 1 SYSTEMPATH\View\View.php(216): CodeIgniter\View\View->CodeIgniter\View\{closure}()
 2 SYSTEMPATH\Common.php(1184): CodeIgniter\View\View->render('DadosTarefas', [], true)
 3 APPPATH\Controllers\ConsultarDados.php(11): view('DadosTarefas', [...])
 4 SYSTEMPATH\CodeIgniter.php(934): App\Controllers\ConsultarDados->exibirTarefas()
 5 SYSTEMPATH\CodeIgniter.php(499): CodeIgniter\CodeIgniter->runController(Object(App\Controllers\ConsultarDados))
 6 SYSTEMPATH\CodeIgniter.php(368): CodeIgniter\CodeIgniter->handleRequest(null, Object(Config\Cache), false)
 7 FCPATH\index.php(67): CodeIgniter\CodeIgniter->run()
CRITICAL - 2023-06-16 20:58:02 --> Call to undefined method CodeIgniter\Database\MySQLi\Result::exibirTarefas()
in APPPATH\Views\DadosTarefas.php on line 9.
 1 SYSTEMPATH\View\View.php(213): include()
 2 SYSTEMPATH\View\View.php(216): CodeIgniter\View\View->CodeIgniter\View\{closure}()
 3 SYSTEMPATH\Common.php(1184): CodeIgniter\View\View->render('DadosTarefas', [], true)
 4 APPPATH\Controllers\ConsultarDados.php(11): view('DadosTarefas', [...])
 5 SYSTEMPATH\CodeIgniter.php(934): App\Controllers\ConsultarDados->exibirTarefas()
 6 SYSTEMPATH\CodeIgniter.php(499): CodeIgniter\CodeIgniter->runController(Object(App\Controllers\ConsultarDados))
 7 SYSTEMPATH\CodeIgniter.php(368): CodeIgniter\CodeIgniter->handleRequest(null, Object(Config\Cache), false)
 8 FCPATH\index.php(67): CodeIgniter\CodeIgniter->run()
CRITICAL - 2023-06-16 20:59:48 --> You must set the database table to be used with your query.
in SYSTEMPATH\Database\BaseConnection.php on line 883.
 1 SYSTEMPATH\Model.php(642): CodeIgniter\Database\BaseConnection->table(null)
 2 SYSTEMPATH\Model.php(832): CodeIgniter\Model->builder()
 3 APPPATH\Controllers\ConsultarDados.php(10): CodeIgniter\Model->__call('exibirTarefas', [])
 4 SYSTEMPATH\CodeIgniter.php(934): App\Controllers\ConsultarDados->exibirTarefas()
 5 SYSTEMPATH\CodeIgniter.php(499): CodeIgniter\CodeIgniter->runController(Object(App\Controllers\ConsultarDados))
 6 SYSTEMPATH\CodeIgniter.php(368): CodeIgniter\CodeIgniter->handleRequest(null, Object(Config\Cache), false)
 7 FCPATH\index.php(67): CodeIgniter\CodeIgniter->run()
CRITICAL - 2023-06-16 20:59:50 --> You must set the database table to be used with your query.
in SYSTEMPATH\Database\BaseConnection.php on line 883.
 1 SYSTEMPATH\Model.php(642): CodeIgniter\Database\BaseConnection->table(null)
 2 SYSTEMPATH\Model.php(832): CodeIgniter\Model->builder()
 3 APPPATH\Controllers\ConsultarDados.php(10): CodeIgniter\Model->__call('exibirTarefas', [])
 4 SYSTEMPATH\CodeIgniter.php(934): App\Controllers\ConsultarDados->exibirTarefas()
 5 SYSTEMPATH\CodeIgniter.php(499): CodeIgniter\CodeIgniter->runController(Object(App\Controllers\ConsultarDados))
 6 SYSTEMPATH\CodeIgniter.php(368): CodeIgniter\CodeIgniter->handleRequest(null, Object(Config\Cache), false)
 7 FCPATH\index.php(67): CodeIgniter\CodeIgniter->run()
ERROR - 2023-06-16 21:00:34 --> mysqli_sql_exception: Table 'listatarefas.tarefas' doesn't exist in C:\xampp\htdocs\ListaDeTarefas\system\Database\MySQLi\Connection.php:295
Stack trace:
#0 C:\xampp\htdocs\ListaDeTarefas\system\Database\MySQLi\Connection.php(295): mysqli->query('SELECT * FROM t...', 0)
#1 C:\xampp\htdocs\ListaDeTarefas\system\Database\BaseConnection.php(692): CodeIgniter\Database\MySQLi\Connection->execute('SELECT * FROM t...')
#2 C:\xampp\htdocs\ListaDeTarefas\system\Database\BaseConnection.php(606): CodeIgniter\Database\BaseConnection->simpleQuery('SELECT * FROM t...')
#3 C:\xampp\htdocs\ListaDeTarefas\app\Models\BD_Model.php(10): CodeIgniter\Database\BaseConnection->query('SELECT * FROM t...')
#4 C:\xampp\htdocs\ListaDeTarefas\app\Controllers\ConsultarDados.php(10): App\Models\BD_Model->exibirTarefas()
#5 C:\xampp\htdocs\ListaDeTarefas\system\CodeIgniter.php(934): App\Controllers\ConsultarDados->exibirTarefas()
#6 C:\xampp\htdocs\ListaDeTarefas\system\CodeIgniter.php(499): CodeIgniter\CodeIgniter->runController(Object(App\Controllers\ConsultarDados))
#7 C:\xampp\htdocs\ListaDeTarefas\system\CodeIgniter.php(368): CodeIgniter\CodeIgniter->handleRequest(NULL, Object(Config\Cache), false)
#8 C:\xampp\htdocs\ListaDeTarefas\public\index.php(67): CodeIgniter\CodeIgniter->run()
#9 {main}
CRITICAL - 2023-06-16 21:00:34 --> Table 'listatarefas.tarefas' doesn't exist
in SYSTEMPATH\Database\MySQLi\Connection.php on line 295.
 1 SYSTEMPATH\Database\MySQLi\Connection.php(295): mysqli->query('SELECT * FROM tarefas', 0)
 2 SYSTEMPATH\Database\BaseConnection.php(692): CodeIgniter\Database\MySQLi\Connection->execute('SELECT * FROM tarefas')
 3 SYSTEMPATH\Database\BaseConnection.php(606): CodeIgniter\Database\BaseConnection->simpleQuery('SELECT * FROM tarefas')
 4 APPPATH\Models\BD_Model.php(10): CodeIgniter\Database\BaseConnection->query('SELECT * FROM tarefas')
 5 APPPATH\Controllers\ConsultarDados.php(10): App\Models\BD_Model->exibirTarefas()
 6 SYSTEMPATH\CodeIgniter.php(934): App\Controllers\ConsultarDados->exibirTarefas()
 7 SYSTEMPATH\CodeIgniter.php(499): CodeIgniter\CodeIgniter->runController(Object(App\Controllers\ConsultarDados))
 8 SYSTEMPATH\CodeIgniter.php(368): CodeIgniter\CodeIgniter->handleRequest(null, Object(Config\Cache), false)
 9 FCPATH\index.php(67): CodeIgniter\CodeIgniter->run()
CRITICAL - 2023-06-16 21:01:13 --> Cannot redeclare App\Models\BD_Model::exibirTarefa()
in APPPATH\Models\BD_Model.php on line 13.
 1 [internal function]: CodeIgniter\Debug\Exceptions->shutdownHandler()
CRITICAL - 2023-06-16 21:02:01 --> You must set the database table to be used with your query.
in SYSTEMPATH\Database\BaseConnection.php on line 883.
 1 SYSTEMPATH\Model.php(642): CodeIgniter\Database\BaseConnection->table(null)
 2 SYSTEMPATH\Model.php(832): CodeIgniter\Model->builder()
 3 APPPATH\Controllers\ConsultarDados.php(10): CodeIgniter\Model->__call('exibirTarefas', [])
 4 SYSTEMPATH\CodeIgniter.php(934): App\Controllers\ConsultarDados->exibirTarefas()
 5 SYSTEMPATH\CodeIgniter.php(499): CodeIgniter\CodeIgniter->runController(Object(App\Controllers\ConsultarDados))
 6 SYSTEMPATH\CodeIgniter.php(368): CodeIgniter\CodeIgniter->handleRequest(null, Object(Config\Cache), false)
 7 FCPATH\index.php(67): CodeIgniter\CodeIgniter->run()
CRITICAL - 2023-06-16 21:09:30 --> syntax error, unexpected variable "$cod", expecting ")"
in APPPATH\Config\Routes.php on line 38.
 1 SYSTEMPATH\CodeIgniter.php(802): CodeIgniter\Router\RouteCollection->loadRoutes()
 2 SYSTEMPATH\CodeIgniter.php(449): CodeIgniter\CodeIgniter->tryToRouteIt(null)
 3 SYSTEMPATH\CodeIgniter.php(368): CodeIgniter\CodeIgniter->handleRequest(null, Object(Config\Cache), false)
 4 FCPATH\index.php(67): CodeIgniter\CodeIgniter->run()
CRITICAL - 2023-06-16 21:16:26 --> Undefined variable $cod
in APPPATH\Config\Routes.php on line 35.
 1 APPPATH\Config\Routes.php(35): CodeIgniter\Debug\Exceptions->errorHandler(2, 'Undefined variable $cod', 'C:\\xampp\\htdocs\\ListaDeTarefas\\app\\Config\\Routes.php', 35)
 2 SYSTEMPATH\Router\RouteCollection.php(267): require('C:\\xampp\\htdocs\\ListaDeTarefas\\app\\Config\\Routes.php')
 3 SYSTEMPATH\CodeIgniter.php(802): CodeIgniter\Router\RouteCollection->loadRoutes()
 4 SYSTEMPATH\CodeIgniter.php(449): CodeIgniter\CodeIgniter->tryToRouteIt(null)
 5 SYSTEMPATH\CodeIgniter.php(368): CodeIgniter\CodeIgniter->handleRequest(null, Object(Config\Cache), false)
 6 FCPATH\index.php(67): CodeIgniter\CodeIgniter->run()
CRITICAL - 2023-06-16 21:16:44 --> Undefined variable $cod
in APPPATH\Config\Routes.php on line 35.
 1 APPPATH\Config\Routes.php(35): CodeIgniter\Debug\Exceptions->errorHandler(2, 'Undefined variable $cod', 'C:\\xampp\\htdocs\\ListaDeTarefas\\app\\Config\\Routes.php', 35)
 2 SYSTEMPATH\Router\RouteCollection.php(267): require('C:\\xampp\\htdocs\\ListaDeTarefas\\app\\Config\\Routes.php')
 3 SYSTEMPATH\CodeIgniter.php(802): CodeIgniter\Router\RouteCollection->loadRoutes()
 4 SYSTEMPATH\CodeIgniter.php(449): CodeIgniter\CodeIgniter->tryToRouteIt(null)
 5 SYSTEMPATH\CodeIgniter.php(368): CodeIgniter\CodeIgniter->handleRequest(null, Object(Config\Cache), false)
 6 FCPATH\index.php(67): CodeIgniter\CodeIgniter->run()
CRITICAL - 2023-06-16 21:24:24 --> syntax error, unexpected double-quoted string ">", expecting "," or ";"
in APPPATH\Views\DadosTarefas.php on line 14.
 1 SYSTEMPATH\View\View.php(216): CodeIgniter\View\View->CodeIgniter\View\{closure}()
 2 SYSTEMPATH\Common.php(1184): CodeIgniter\View\View->render('DadosTarefas', [], true)
 3 APPPATH\Controllers\ConsultarDados.php(11): view('DadosTarefas', [...])
 4 SYSTEMPATH\CodeIgniter.php(934): App\Controllers\ConsultarDados->exibirTarefas()
 5 SYSTEMPATH\CodeIgniter.php(499): CodeIgniter\CodeIgniter->runController(Object(App\Controllers\ConsultarDados))
 6 SYSTEMPATH\CodeIgniter.php(368): CodeIgniter\CodeIgniter->handleRequest(null, Object(Config\Cache), false)
 7 FCPATH\index.php(67): CodeIgniter\CodeIgniter->run()
CRITICAL - 2023-06-16 21:46:44 --> syntax error, unexpected token "}", expecting "," or ";"
in APPPATH\Views\DadosTarefas.php on line 13.
 1 SYSTEMPATH\View\View.php(216): CodeIgniter\View\View->CodeIgniter\View\{closure}()
 2 SYSTEMPATH\Common.php(1184): CodeIgniter\View\View->render('DadosTarefas', [], true)
 3 APPPATH\Controllers\ConsultarDados.php(11): view('DadosTarefas', [...])
 4 SYSTEMPATH\CodeIgniter.php(934): App\Controllers\ConsultarDados->exibirTarefas()
 5 SYSTEMPATH\CodeIgniter.php(499): CodeIgniter\CodeIgniter->runController(Object(App\Controllers\ConsultarDados))
 6 SYSTEMPATH\CodeIgniter.php(368): CodeIgniter\CodeIgniter->handleRequest(null, Object(Config\Cache), false)
 7 FCPATH\index.php(67): CodeIgniter\CodeIgniter->run()
CRITICAL - 2023-06-16 22:24:26 --> syntax error, unexpected variable "$cod"
in APPPATH\Controllers\EditarDados.php on line 10.
 1 SYSTEMPATH\Autoloader\Autoloader.php(289): CodeIgniter\Autoloader\Autoloader->includeFile('C:\\xampp\\htdocs\\ListaDeTarefas\\app\\Controllers\\EditarDados.php')
 2 SYSTEMPATH\Autoloader\Autoloader.php(267): CodeIgniter\Autoloader\Autoloader->loadInNamespace('App\\Controllers\\EditarDados')
 3 [internal function]: CodeIgniter\Autoloader\Autoloader->loadClass('App\\Controllers\\EditarDados')
 4 SYSTEMPATH\CodeIgniter.php(892): class_exists('\\App\\Controllers\\EditarDados', true)
 5 SYSTEMPATH\CodeIgniter.php(486): CodeIgniter\CodeIgniter->startController()
 6 SYSTEMPATH\CodeIgniter.php(368): CodeIgniter\CodeIgniter->handleRequest(null, Object(Config\Cache), false)
 7 FCPATH\index.php(67): CodeIgniter\CodeIgniter->run()
